{"level":"error","message":"GET /data - callback is not a function","service":"api-service"}
{"level":"error","message":"GET /data - callback is not a function","service":"api-service"}
{"level":"error","message":"GET /data - callback is not a function","service":"api-service"}
{"level":"error","message":"GET /data - callback is not a function","service":"api-service"}
{"level":"error","message":"GET /data - callback is not a function","service":"api-service"}
{"level":"error","message":"GET /data - callback is not a function","service":"api-service"}
{"level":"error","message":"GET /data - callback is not a function","service":"api-service"}
{"level":"error","message":"GET /data - callback is not a function","service":"api-service"}
{"level":"error","message":"GET /data - callback is not a function","service":"api-service"}
{"level":"error","message":"GET /data - callback is not a function","service":"api-service"}
{"level":"error","message":"GET /data - callback is not a function","service":"api-service"}
{"level":"error","message":"GET /data - callback is not a function","service":"api-service"}
{"level":"error","message":"GET /data - callback is not a function","service":"api-service"}
{"level":"error","message":"GET /data - callback is not a function","service":"api-service"}
{"level":"error","message":"GET /data - callback is not a function","service":"api-service"}
{"level":"error","message":"GET /data - callback is not a function","service":"api-service"}
{"level":"error","message":"GET /data - callback is not a function","service":"api-service"}
{"level":"error","message":"GET /data - callback is not a function","service":"api-service"}
{"level":"error","message":"GET /data - callback is not a function","service":"api-service"}
{"level":"error","message":"GET /data - callback is not a function","service":"api-service"}
{"level":"error","message":"GET /data - callback is not a function","service":"api-service"}
{"level":"error","message":"GET /data - callback is not a function","service":"api-service"}
{"level":"error","message":"GET /data - callback is not a function","service":"api-service"}
{"level":"error","message":"GET /data - callback is not a function","service":"api-service"}
{"level":"error","message":"GET /data - callback is not a function","service":"api-service"}
{"level":"error","message":"GET /data - callback is not a function","service":"api-service"}
{"level":"error","message":"GET /data - callback is not a function","service":"api-service"}
{"level":"error","message":"GET /data - callback is not a function","service":"api-service"}
{"level":"error","message":"GET /data - callback is not a function","service":"api-service"}
{"level":"error","message":"GET /data - callback is not a function","service":"api-service"}
{"level":"error","message":"GET /data - callback is not a function","service":"api-service"}
{"level":"error","message":"GET /data - callback is not a function","service":"api-service"}
{"level":"error","message":"GET /data - callback is not a function","service":"api-service"}
{"level":"error","message":"GET /data - callback is not a function","service":"api-service"}
{"level":"error","message":"GET /data - callback is not a function","service":"api-service"}
{"level":"error","message":"GET /data - callback is not a function","service":"api-service"}
{"level":"error","message":"GET /data - callback is not a function","service":"api-service"}
{"level":"error","message":"GET /data - callback is not a function","service":"api-service"}
{"level":"error","message":"GET /data - callback is not a function","service":"api-service"}
{"level":"error","message":"GET /data - callback is not a function","service":"api-service"}
{"level":"error","message":"GET /data - callback is not a function","service":"api-service"}
{"level":"error","message":"GET /data - callback is not a function","service":"api-service"}
{"level":"error","message":"GET /data - callback is not a function","service":"api-service"}
{"level":"error","message":"GET /data - callback is not a function","service":"api-service"}
{"level":"error","message":"GET /data - callback is not a function","service":"api-service"}
{"level":"error","message":"GET /data - callback is not a function","service":"api-service"}
{"level":"error","message":"GET /data - callback is not a function","service":"api-service"}
{"level":"error","message":"GET /data - callback is not a function","service":"api-service"}
{"level":"error","message":"GET /data - callback is not a function","service":"api-service"}
{"level":"error","message":"GET /data - callback is not a function","service":"api-service"}
{"level":"error","message":"GET /data - callback is not a function","service":"api-service"}
{"level":"error","message":"GET /data - callback is not a function","service":"api-service"}
{"level":"error","message":"GET /data - callback is not a function","service":"api-service"}
{"level":"error","message":"GET /data - callback is not a function","service":"api-service"}
{"level":"error","message":"GET /data - callback is not a function","service":"api-service"}
{"level":"error","message":"GET /data - callback is not a function","service":"api-service"}
{"level":"error","message":"GET /data - callback is not a function","service":"api-service"}
{"level":"error","message":"GET /data - callback is not a function","service":"api-service"}
{"level":"error","message":"GET /data - callback is not a function","service":"api-service"}
{"level":"error","message":"GET /data - callback is not a function","service":"api-service"}
{"level":"error","message":"GET /data - callback is not a function","service":"api-service"}
{"level":"error","message":"GET /data - callback is not a function","service":"api-service"}
{"level":"error","message":"GET /data - callback is not a function","service":"api-service"}
{"level":"error","message":"GET /data - callback is not a function","service":"api-service"}
{"level":"error","message":"GET /data - callback is not a function","service":"api-service"}
{"level":"error","message":"GET /data - callback is not a function","service":"api-service"}
{"level":"error","message":"GET /data - callback is not a function","service":"api-service"}
{"level":"error","message":"GET /data - callback is not a function","service":"api-service"}
{"level":"error","message":"GET /data - callback is not a function","service":"api-service"}
{"level":"error","message":"GET /data - callback is not a function","service":"api-service"}
{"level":"error","message":"GET /data - callback is not a function","service":"api-service"}
{"level":"error","message":"GET /data - callback is not a function","service":"api-service"}
{"level":"error","message":"GET /data - callback is not a function","service":"api-service"}
{"level":"error","message":"GET /data - callback is not a function","service":"api-service"}
{"level":"error","message":"GET /data - callback is not a function","service":"api-service"}
{"level":"error","message":"GET /data - callback is not a function","service":"api-service"}
{"level":"error","message":"GET /data - callback is not a function","service":"api-service"}
{"level":"error","message":"GET /data - callback is not a function","service":"api-service"}
{"level":"error","message":"GET /data - callback is not a function","service":"api-service"}
{"level":"error","message":"GET /data - callback is not a function","service":"api-service"}
{"level":"error","message":"GET /data - callback is not a function","service":"api-service"}
{"level":"error","message":"GET /data - callback is not a function","service":"api-service"}
{"level":"error","message":"GET /data - callback is not a function","service":"api-service"}
{"level":"error","message":"GET /data - callback is not a function","service":"api-service"}
{"level":"error","message":"GET /data - callback is not a function","service":"api-service"}
{"level":"error","message":"GET /data - callback is not a function","service":"api-service"}
{"level":"error","message":"GET /data - callback is not a function","service":"api-service"}
{"level":"error","message":"GET /data - callback is not a function","service":"api-service"}
{"level":"error","message":"GET /data - callback is not a function","service":"api-service"}
{"level":"error","message":"GET /data - callback is not a function","service":"api-service"}
{"level":"error","message":"GET /data - callback is not a function","service":"api-service"}
{"level":"error","message":"GET /data - callback is not a function","service":"api-service"}
{"level":"error","message":"GET /data - callback is not a function","service":"api-service"}
{"level":"error","message":"GET /data - callback is not a function","service":"api-service"}
{"level":"error","message":"GET /data - callback is not a function","service":"api-service"}
{"level":"error","message":"GET /data - callback is not a function","service":"api-service"}
{"level":"error","message":"GET /data - callback is not a function","service":"api-service"}
{"level":"error","message":"GET /data - callback is not a function","service":"api-service"}
{"level":"error","message":"GET /data - callback is not a function","service":"api-service"}
{"level":"error","message":"GET /data - callback is not a function","service":"api-service"}
{"level":"error","message":"GET /data - callback is not a function","service":"api-service"}
{"level":"error","message":"GET /data - token.equal is not a function","service":"api-service"}
{"level":"error","message":"GET /data - token.toEqual is not a function","service":"api-service"}
{"level":"error","message":"GET /data - \"valid_token\".toEqual is not a function","service":"api-service"}
{"level":"error","message":"GET /data - options.client.multi is not a function","service":"api-service"}
{"level":"error","message":"GET /data - options.client.multi is not a function","service":"api-service"}
{"level":"error","message":"GET /data - options.client.multi is not a function","service":"api-service"}
{"level":"error","message":"GET /data - options.client.multi is not a function","service":"api-service"}
{"level":"error","message":"GET /data - options.client.multi is not a function","service":"api-service"}
{"level":"error","message":"GET /data - options.client.multi is not a function","service":"api-service"}
